<?xml version="1.0" encoding="UTF-8"?>
<!-- Generated by org.testng.reporters.JUnitXMLReporter -->
<testsuite ignored="0" hostname="DESKTOP-19RFTL4" failures="0" tests="3" name="ChromeTest" time="24.305" errors="0" timestamp="2022-11-30T17:36:35 IST">
  <testcase classname="TestKhanAcdm.KhanTestNGCross" name="test1" time="5.494"/>
  <testcase classname="TestKhanAcdm.KhanTestNGCross" name="test2" time="4.059"/>
  <testcase classname="TestKhanAcdm.KhanTestNGCross" name="test3" time="5.096"/>
</testsuite> <!-- ChromeTest -->
