<?xml version="1.0" encoding="UTF-8"?>
<!-- Generated by org.testng.reporters.JUnitXMLReporter -->
<testsuite ignored="0" hostname="DESKTOP-19RFTL4" failures="0" tests="6" name="Test" time="0.071" errors="0" timestamp="2022-11-23T14:26:02 IST">
  <testcase classname="TestKhanAcdm.KhanTestNGCross" name="@BeforeTest crossBrowser" time="-1.669193762622E9">
    <failure type="org.testng.TestNGException" message="
Parameter &amp;apos;browser&amp;apos; is required by BeforeTest on method crossBrowser but has not been marked @Optional or defined
in C:\Users\hp\eclipse-workspace\MavenKhanAcademy\testng.xml">
      <![CDATA[org.testng.TestNGException: 
Parameter 'browser' is required by BeforeTest on method crossBrowser but has not been marked @Optional or defined
in C:\Users\hp\eclipse-workspace\MavenKhanAcademy\testng.xml
... Removed 21 stack frames]]>
    </failure>
  </testcase> <!-- @BeforeTest crossBrowser -->
  <testcase classname="TestKhanAcdm.KhanTestNG" name="@BeforeClass beforeclass" time="-1.669193762644E9">
    <skipped/>
  </testcase> <!-- @BeforeClass beforeclass -->
  <testcase classname="TestKhanAcdm.KhanTestNG" name="@BeforeMethod beforeMethod" time="-1.669193762653E9">
    <skipped/>
  </testcase> <!-- @BeforeMethod beforeMethod -->
  <testcase classname="TestKhanAcdm.KhanTestNG" name="@AfterMethod afterMethod1" time="-1.669193762659E9">
    <skipped/>
  </testcase> <!-- @AfterMethod afterMethod1 -->
  <testcase classname="TestKhanAcdm.KhanTestNG" name="@BeforeMethod beforeMethod" time="-1.669193762661E9">
    <skipped/>
  </testcase> <!-- @BeforeMethod beforeMethod -->
  <testcase classname="TestKhanAcdm.KhanTestNG" name="@AfterMethod afterMethod1" time="-1.669193762665E9">
    <skipped/>
  </testcase> <!-- @AfterMethod afterMethod1 -->
  <testcase classname="TestKhanAcdm.KhanTestNG" name="@BeforeMethod beforeMethod" time="-1.669193762666E9">
    <skipped/>
  </testcase> <!-- @BeforeMethod beforeMethod -->
  <testcase classname="TestKhanAcdm.KhanTestNG" name="@AfterMethod afterMethod1" time="-1.669193762669E9">
    <skipped/>
  </testcase> <!-- @AfterMethod afterMethod1 -->
  <testcase classname="TestKhanAcdm.KhanTestNG" name="@AfterClass afterClass" time="-1.669193762671E9">
    <skipped/>
  </testcase> <!-- @AfterClass afterClass -->
  <testcase classname="TestKhanAcdm.KhanTestNGCross" name="@BeforeClass beforeclass" time="-1.669193762673E9">
    <skipped/>
  </testcase> <!-- @BeforeClass beforeclass -->
  <testcase classname="TestKhanAcdm.KhanTestNGCross" name="@BeforeMethod beforeMethod" time="-1.669193762675E9">
    <skipped/>
  </testcase> <!-- @BeforeMethod beforeMethod -->
  <testcase classname="TestKhanAcdm.KhanTestNGCross" name="@AfterMethod afterMethod1" time="-1.669193762678E9">
    <skipped/>
  </testcase> <!-- @AfterMethod afterMethod1 -->
  <testcase classname="TestKhanAcdm.KhanTestNGCross" name="@BeforeMethod beforeMethod" time="-1.669193762679E9">
    <skipped/>
  </testcase> <!-- @BeforeMethod beforeMethod -->
  <testcase classname="TestKhanAcdm.KhanTestNGCross" name="@AfterMethod afterMethod1" time="-1.669193762681E9">
    <skipped/>
  </testcase> <!-- @AfterMethod afterMethod1 -->
  <testcase classname="TestKhanAcdm.KhanTestNGCross" name="@BeforeMethod beforeMethod" time="-1.669193762682E9">
    <skipped/>
  </testcase> <!-- @BeforeMethod beforeMethod -->
  <testcase classname="TestKhanAcdm.KhanTestNGCross" name="@AfterMethod afterMethod1" time="-1.669193762687E9">
    <skipped/>
  </testcase> <!-- @AfterMethod afterMethod1 -->
  <testcase classname="TestKhanAcdm.KhanTestNGCross" name="@AfterClass afterClass" time="-1.669193762687E9">
    <skipped/>
  </testcase> <!-- @AfterClass afterClass -->
  <testcase classname="TestKhanAcdm.KhanTestNGCross" name="@AfterTest afterTest" time="-1.669193762689E9">
    <skipped/>
  </testcase> <!-- @AfterTest afterTest -->
  <testcase classname="TestKhanAcdm.KhanTestNG" name="test1" time="0.0">
    <skipped/>
  </testcase> <!-- test1 -->
  <testcase classname="TestKhanAcdm.KhanTestNG" name="test2" time="0.0">
    <skipped/>
  </testcase> <!-- test2 -->
  <testcase classname="TestKhanAcdm.KhanTestNG" name="test3" time="0.0">
    <skipped/>
  </testcase> <!-- test3 -->
  <testcase classname="TestKhanAcdm.KhanTestNGCross" name="test1" time="0.0">
    <skipped/>
  </testcase> <!-- test1 -->
  <testcase classname="TestKhanAcdm.KhanTestNGCross" name="test2" time="0.0">
    <skipped/>
  </testcase> <!-- test2 -->
  <testcase classname="TestKhanAcdm.KhanTestNGCross" name="test3" time="0.0">
    <skipped/>
  </testcase> <!-- test3 -->
</testsuite> <!-- Test -->
